<?xml version="1.0" encoding="UTF-8"?>
<!-- Generated by org.testng.reporters.JUnitXMLReporter -->
<testsuite hostname="acer-PC" ignored="1" name="Default test" tests="12" failures="0" timestamp="20 Jun 2018 04:29:49 GMT" time="13.176" errors="0">
  <testcase name="gitHealthCheck" time="2.461" classname="com.payconiq.api.poc.GITCURDOperationTest"/>
  <testcase name="createGists" time="2.576" classname="com.payconiq.api.poc.GITCURDOperationTest"/>
  <testcase name="retrieveGists" time="0.696" classname="com.payconiq.api.poc.GITCURDOperationTest"/>
  <testcase name="retrieveSpecificGists" time="0.807" classname="com.payconiq.api.poc.GITCURDOperationTest"/>
  <testcase name="updateGists" time="1.465" classname="com.payconiq.api.poc.GITCURDOperationTest"/>
  <testcase name="deleteGists" time="0.666" classname="com.payconiq.api.poc.GITCURDOperationTest"/>
  <testcase name="retriWithInvalidToken" time="0.629" classname="com.payconiq.api.poc.GITCURDOperationTest"/>
  <testcase name="retriWithInvalidGISTID" time="0.661" classname="com.payconiq.api.poc.GITCURDOperationTest"/>
  <testcase name="retriWithInvalidTokenID" time="0.66" classname="com.payconiq.api.poc.GITCURDOperationTest"/>
  <testcase name="createGistInvalidBody" time="0.652" classname="com.payconiq.api.poc.GITCURDOperationTest"/>
  <testcase name="createGistInvalidToken" time="0.657" classname="com.payconiq.api.poc.GITCURDOperationTest"/>
  <testcase name="updateGistsNegative" time="0.704" classname="com.payconiq.api.poc.GITCURDOperationTest"/>
  <testcase name="retrieveDeletedGists" time="0.0" classname="com.payconiq.api.poc.GITCURDOperationTest">
    <ignored/>
  </testcase> <!-- retrieveDeletedGists -->
</testsuite> <!-- Default test -->
